<?xml version="1.0" encoding="UTF-8"?>
<testsuite name="de.challenge3.questapp.ExampleUnitTest" tests="2" skipped="0" failures="0" errors="0" timestamp="2025-05-21T10:29:36" hostname="DESKTOP-R7ALIFO" time="0.012">
  <properties/>
  <testcase name="addieren_isCorrect" classname="de.challenge3.questapp.ExampleUnitTest" time="0.01"/>
  <testcase name="addition_isCorrect" classname="de.challenge3.questapp.ExampleUnitTest" time="0.001"/>
  <system-out><![CDATA[3]]></system-out>
  <system-err><![CDATA[]]></system-err>
</testsuite>
