<?xml version="1.0" encoding="UTF-8"?>
<testsuite name="de.challenge3.questapp.ExampleUnitTest" tests="2" skipped="0" failures="0" errors="0" timestamp="2025-05-22T11:02:10" hostname="HAMLW1JSC" time="0.026">
  <properties/>
  <testcase name="addieren_isCorrect" classname="de.challenge3.questapp.ExampleUnitTest" time="0.02"/>
  <testcase name="addition_isCorrect" classname="de.challenge3.questapp.ExampleUnitTest" time="0.001"/>
  <system-out><![CDATA[3]]></system-out>
  <system-err><![CDATA[]]></system-err>
</testsuite>
